<?xml version="1.0" encoding="UTF-8"?>
<!-- Generated by org.testng.reporters.JUnitReportReporter -->
<testsuite hostname="DESKTOP-JM7Q39K" failures="0" tests="1" name="com.sample.BothIncorrect" time="14.224" errors="0" timestamp="2022-10-24T17:00:47 IST" skipped="0">
  <testcase classname="com.sample.BothIncorrect" name="loginwithBothIncorrect" time="14.224"/>
  <system-out/>
</testsuite> <!-- com.sample.BothIncorrect -->
