<?xml version="1.0" encoding="UTF-8"?>
<!-- Generated by org.testng.reporters.JUnitReportReporter -->
<testsuite hostname="DESKTOP-JM7Q39K" failures="0" tests="1" name="com.sample.DataProvidefromExcel" time="0.000" errors="0" timestamp="2022-10-28T16:05:10 IST" skipped="1">
  <testcase classname="com.sample.DataProvidefromExcel" name="loginwithusernamePassword" time="0.000">
    <skipped/>
  </testcase> <!-- loginwithusernamePassword -->
  <system-out/>
</testsuite> <!-- com.sample.DataProvidefromExcel -->
