<?xml version="1.0" encoding="UTF-8"?>
<!-- Generated by org.testng.reporters.JUnitReportReporter -->
<testsuite hostname="DESKTOP-JM7Q39K" failures="0" tests="1" name="com.sample.correctUsername" time="11.556" errors="0" timestamp="2022-10-24T17:00:47 IST" skipped="0">
  <testcase classname="com.sample.correctUsername" name="loginwithcorrectUsername" time="11.556"/>
  <system-out/>
</testsuite> <!-- com.sample.correctUsername -->
